<?xml version="1.0" encoding="UTF-8"?>
<!-- Generated by org.testng.reporters.JUnitReportReporter -->
<testsuite name="com.equalExperts.testMethods.verifyhoteltestEqualExperts" tests="1" time="19.652" ignored="0" failures="0" timestamp="16 Dec 2019 19:14:22 GMT" skipped="0" hostname="DESKTOP-T0ENOIE" errors="0">
  <testcase name="TS01_VerifyHotelBookingFormWithValidCredentials" time="19.652" classname="com.equalExperts.testMethods.verifyhoteltestEqualExperts"/>
</testsuite> <!-- com.equalExperts.testMethods.verifyhoteltestEqualExperts -->
